2022-12-31 01:21:29,596 TRACE Main [main] START simulation of the Phone app...
2022-12-31 01:21:29,747 TRACE p.MobilePhone [main] <Alice's S22>: Call started
2022-12-31 01:21:29,747 TRACE p.MobilePhone [main] <Alice's S22>: Call start date: Sat Dec 31 00:00:00 GET 2022
2022-12-31 01:21:29,759 TRACE p.MobilePhone [main] <Alice's S22>: Caller number: + 1 1 054565465
2022-12-31 01:21:29,760 TRACE p.MobilePhone [main] <Alice's S22>: Receiver number: + 20 577 4534563456
2022-12-31 01:21:29,762 ERROR p.MobilePhone [main] Can not start the call, caller phone already in another call!
2022-12-31 01:21:29,763 DEBUG p.MobilePhone [main] isOnCall: true
2022-12-31 01:21:29,799 DEBUG p.MobilePhone [main] currentCall: PhoneData.Call{callerNumber=Number{countryCode=CANADA, brand='AT&T', index='1', number='054565465'}, receiverNumber=Number{countryCode=EGYPT, brand='Verizon', index='577', number='4534563456'}, callerPerson=Person.Person{firstName='Alice', lastName='Smith', idNumber='245245', birthDate=null, phoneNumber=Number{countryCode=CANADA, brand='AT&T', index='1', number='054565465'}}, receiverPerson=Person.Person{firstName='Bob', lastName='Peterson', idNumber='2345677654', birthDate=null, phoneNumber=Number{countryCode=EGYPT, brand='Verizon', index='577', number='4534563456'}}, callerPhone=Phone.MobilePhone{name='Alice's S22', brand='Samsung', serialNumber='03r303f', phoneNumber=Number{countryCode=CANADA, brand='AT&T', index='1', number='054565465'}, ownerPerson=Person.Person{firstName='Alice', lastName='Smith', idNumber='245245', birthDate=null, phoneNumber=Number{countryCode=CANADA, brand='AT&T', index='1', number='054565465'}}, battery=This is removable battery, with volume of 3000 mAH, made by Samsung. Currently it is charged for 100%.}, receiverPhone=Phone.MobilePhone{name='Bob's iPhone', brand='iPhone', serialNumber='86h68h6', phoneNumber=Number{countryCode=EGYPT, brand='Verizon', index='577', number='4534563456'}, ownerPerson=Person.Person{firstName='Bob', lastName='Peterson', idNumber='2345677654', birthDate=null, phoneNumber=Number{countryCode=EGYPT, brand='Verizon', index='577', number='4534563456'}}, battery=This is removable battery, with volume of 4000 mAH, made by iPhone. Currently it is charged for 44%.}}
2022-12-31 01:21:29,800 DEBUG p.MobilePhone [main] receiver isOnCall: false
2022-12-31 01:21:29,801 DEBUG p.MobilePhone [main] receiver currentCall: null
2022-12-31 01:21:29,801 ERROR p.StationaryPhone [main] Can not start the call, receiver phone already in another call!
2022-12-31 01:21:29,802 DEBUG p.StationaryPhone [main] isOnCall: false
2022-12-31 01:21:29,803 DEBUG p.StationaryPhone [main] currentCall: null
2022-12-31 01:21:29,804 TRACE p.MobilePhone [main] <Alice's S22>: Call Ended
2022-12-31 01:21:29,805 TRACE p.MobilePhone [main] <Alice's S22>: Call start date: Sat Dec 31 00:00:00 GET 2022
2022-12-31 01:21:29,806 TRACE p.MobilePhone [main] <Alice's S22>: Call start date: Sat Dec 31 00:00:00 GET 2022
2022-12-31 01:21:29,807 TRACE p.MobilePhone [main] <Alice's S22>: Caller number: + 1 1 054565465
2022-12-31 01:21:29,807 TRACE p.MobilePhone [main] <Alice's S22>: Receiver number: + 20 577 4534563456
2022-12-31 01:21:29,808 TRACE p.StationaryPhone [main] <null-ST-null>: PhoneData.Call started
2022-12-31 01:21:29,809 TRACE p.StationaryPhone [main] <null-ST-null>: PhoneData.Call start date: Sat Dec 31 00:00:00 GET 2022
2022-12-31 01:21:29,810 TRACE p.StationaryPhone [main] <null-ST-null>: Caller number: + 995 56 8383388
2022-12-31 01:21:29,811 TRACE p.StationaryPhone [main] <null-ST-null>: Receiver number: + 20 577 4534563456
2022-12-31 01:21:29,811 TRACE p.StationaryPhone [main] <null-ST-null>: . . . 
2022-12-31 01:21:29,813 TRACE p.MobilePhone [main] <Bob's iPhone>: Message sent
2022-12-31 01:21:29,814 TRACE p.MobilePhone [main] <Bob's iPhone>: Message send date: Sat Dec 31 00:00:00 GET 2022
2022-12-31 01:21:29,815 TRACE p.MobilePhone [main] <Bob's iPhone>: Sender number: + 20 577 4534563456
2022-12-31 01:21:29,816 TRACE p.MobilePhone [main] <Bob's iPhone>: Receiver number: + 1 1 054565465
2022-12-31 01:21:29,817 TRACE p.MobilePhone [main] <Bob's iPhone>: Message text: Hi, will call after lecture.
2022-12-31 01:21:29,818 TRACE p.MobilePhone [main] <Alice's S22>: PhoneParts.Battery change successful
2022-12-31 01:21:29,819 TRACE p.MobilePhone [main] <Alice's S22>: PhoneParts.Battery type: non-removable
2022-12-31 01:21:29,819 TRACE p.MobilePhone [main] <Alice's S22>: PhoneParts.Battery brand: Samsung
2022-12-31 01:21:29,820 TRACE p.MobilePhone [main] <Alice's S22>: PhoneParts.Battery capacity: 2000
2022-12-31 01:21:29,821 TRACE p.MobilePhone [main] <Alice's S22>: PhoneParts.Battery current life: 100
2022-12-31 01:21:29,821 TRACE p.MobilePhone [main] <Bob's iPhone>: Phone.Phone charged
2022-12-31 01:21:29,822 TRACE p.MobilePhone [main] <Bob's iPhone>: Charging time: 10
2022-12-31 01:21:29,824 TRACE p.MobilePhone [main] <Bob's iPhone>: Battery current life: 53
2022-12-31 01:21:29,827 TRACE Main [main] get phone1 call log
2022-12-31 01:21:29,829 TRACE Main [main] + 1 1 054565465 TO + 20 577 4534563456
2022-12-31 01:21:29,830 TRACE Main [main] get phone2 call log
2022-12-31 01:21:29,831 TRACE Main [main] + 1 1 054565465 TO + 20 577 4534563456
2022-12-31 01:21:29,831 TRACE Main [main] get phone3 call log
2022-12-31 01:21:29,832 TRACE Main [main] END simulation of the Phone app...
